-------------------------------------------------------------------------------
Test set: br.com.fichaAnamnesia.fichaAnamnesia.FichaAnamnesiaApplicationTests
-------------------------------------------------------------------------------
Tests run: 1, Failures: 0, Errors: 1, Skipped: 0, Time elapsed: 0.527 s <<< FAILURE! - in br.com.fichaAnamnesia.fichaAnamnesia.FichaAnamnesiaApplicationTests
initializationError(br.com.fichaAnamnesia.fichaAnamnesia.FichaAnamnesiaApplicationTests)  Time elapsed: 0.008 s  <<< ERROR!
java.lang.IllegalStateException: Unable to find a @SpringBootConfiguration, you need to use @ContextConfiguration or @SpringBootTest(classes=...) with your test

